23.11.2021 06:50:24.935 INFO   t.game.Game - game started
23.11.2021 06:50:57.535 INFO   t.save.GameContext - Save file C:\Users\timos\IdeaProjects\att2\Chess2_1\saves\save1.json was made
23.11.2021 06:55:57.565 INFO   t.game.Game - game started
23.11.2021 06:56:25.905 INFO   t.save.GameContext - Save file C:\Users\timos\IdeaProjects\att2\Chess2_1\saves\save2.json was made
23.11.2021 06:56:48.980 INFO   t.game.Game - demonstration started
23.11.2021 06:57:08.464 INFO   t.game.Game - game ended
23.11.2021 07:20:45.204 INFO   t.game.Game - game started
23.11.2021 07:21:39.826 INFO   t.game.Game - game started
23.11.2021 07:22:04.146 INFO   t.game.Game - game started
23.11.2021 07:24:48.955 INFO   t.game.Game - game started
23.11.2021 07:30:12.117 INFO   t.game.Game - game started
23.11.2021 07:34:03.848 ERROR  t.game.Game - unknown command
23.11.2021 07:34:09.665 INFO   t.game.Game - game started
23.11.2021 07:35:03.669 INFO   t.game.Game - game started
23.11.2021 07:35:57.189 INFO   t.game.Game - game started
23.11.2021 07:36:23.965 INFO   t.game.Game - game started
23.11.2021 12:29:10.534 INFO   t.game.Game - game started
23.11.2021 12:29:26.701 INFO   t.game.Game - demonstration started
23.11.2021 12:29:59.672 INFO   t.game.Game - game started
23.11.2021 12:30:11.385 INFO   t.game.Game - demonstration started
23.11.2021 12:31:35.891 INFO   t.game.Game - game started
23.11.2021 12:31:45.398 INFO   t.game.Game - demonstration started
23.11.2021 12:32:06.412 INFO   t.game.Game - save loaded
23.11.2021 12:32:20.880 INFO   t.game.Game - game ended
23.11.2021 12:37:39.026 INFO   t.game.Game - game started
23.11.2021 12:38:08.709 INFO   t.game.Game - demonstration started
23.11.2021 12:38:29.370 INFO   t.game.Game - save loaded
23.11.2021 12:46:08.222 INFO   t.game.Game - game started
23.11.2021 12:46:16.319 INFO   t.game.Game - demonstration started
23.11.2021 12:46:36.278 INFO   t.game.Game - save loaded
23.11.2021 12:46:42.195 INFO   t.game.Game - game ended
23.11.2021 12:53:16.672 INFO   t.game.Game - game started
23.11.2021 12:53:43.658 INFO   t.game.Game - demonstration started
23.11.2021 12:56:01.940 ERROR  t.game.Game - unknown command
23.11.2021 12:57:02.050 ERROR  t.game.Game - unknown command
23.11.2021 12:57:10.069 ERROR  t.game.Game - unknown command
23.11.2021 12:57:33.100 INFO   t.game.Game - demonstration started
23.11.2021 12:57:48.149 INFO   t.game.Game - game ended
23.11.2021 19:01:13.307 ERROR  t.game.Game - unknown command
23.11.2021 19:01:18.000 ERROR  t.game.Game - unknown command
23.11.2021 19:01:20.935 INFO   t.game.Game - game started
23.11.2021 19:03:20.763 INFO   t.game.Game - game started
23.11.2021 19:03:41.754 INFO   t.game.Game - demonstration started
