21.11.2021 10:09:37.999 INFO   t.Game.Game - game started
21.11.2021 10:10:31.151 INFO   t.Game.Game - game started
21.11.2021 10:10:57.559 INFO   t.Game.Game - demonstration started
21.11.2021 10:11:19.899 INFO   t.Game.Game - demonstration started
21.11.2021 10:12:04.837 INFO   t.Game.Game - demonstration started
21.11.2021 10:30:45.614 INFO   t.Game.Game - game started
21.11.2021 10:32:02.567 INFO   t.Game.Game - game started
21.11.2021 10:33:21.542 INFO   t.Game.Game - game started
21.11.2021 10:33:48.841 INFO   t.Game.Game - game started
21.11.2021 10:35:47.273 INFO   t.Game.Game - game started
21.11.2021 10:36:42.308 ERROR  t.Game.Game - unknown command
21.11.2021 10:36:42.317 INFO   t.Game.Game - game started
21.11.2021 10:37:54.637 INFO   t.Game.Game - game started
21.11.2021 10:40:47.303 INFO   t.Game.Game - game started
21.11.2021 10:42:02.760 INFO   t.Game.Game - game started
21.11.2021 10:43:48.154 INFO   t.Game.Game - game started
21.11.2021 10:44:29.520 INFO   t.Game.Game - demonstration started
21.11.2021 10:44:38.001 INFO   t.Game.Game - demonstration started
21.11.2021 10:44:43.727 INFO   t.Game.Game - demonstration started
21.11.2021 10:45:58.314 INFO   t.Game.Game - game started
21.11.2021 10:47:04.513 INFO   t.Game.Game - game started
21.11.2021 10:47:40.446 INFO   t.Game.Game - demonstration started
21.11.2021 10:48:20.632 INFO   t.Game.Game - game started
21.11.2021 10:50:22.212 INFO   t.game.Game - demonstration started
21.11.2021 10:51:02.217 INFO   t.game.Game - game started
21.11.2021 10:55:07.762 INFO   t.game.Game - demonstration started
21.11.2021 10:55:41.169 INFO   t.game.Game - game started
21.11.2021 10:56:01.723 INFO   t.game.Game - game started
21.11.2021 10:56:03.602 INFO   t.game.Game - game started
21.11.2021 10:56:04.230 INFO   t.game.Game - game started
21.11.2021 10:56:04.797 INFO   t.game.Game - game started
21.11.2021 10:56:07.341 INFO   t.game.Game - game ended
21.11.2021 10:57:03.064 INFO   t.game.Game - demonstration started
21.11.2021 10:57:40.322 INFO   t.game.Game - game started
21.11.2021 10:58:46.091 INFO   t.game.Game - game started
21.11.2021 10:59:59.359 INFO   t.game.Game - demonstration started
21.11.2021 11:01:09.092 INFO   t.game.Game - demonstration started
21.11.2021 11:01:41.805 INFO   t.game.Game - game started
21.11.2021 11:03:43.277 INFO   t.game.Game - demonstration started
21.11.2021 11:04:36.390 INFO   t.game.Game - demonstration started
21.11.2021 11:06:56.080 INFO   t.game.Game - demonstration started
21.11.2021 11:07:29.506 INFO   t.game.Game - game started
21.11.2021 11:08:45.163 INFO   t.game.Game - demonstration started
21.11.2021 11:09:39.985 INFO   t.game.Game - demonstration started
21.11.2021 11:10:51.876 INFO   t.game.Game - game started
21.11.2021 11:13:49.576 INFO   t.game.Game - demonstration started
21.11.2021 11:14:21.552 INFO   t.game.Game - game started
21.11.2021 11:16:23.435 INFO   t.game.Game - demonstration started
21.11.2021 11:16:57.579 INFO   t.game.Game - game started
21.11.2021 11:17:05.597 ERROR  t.game.Game - unknown command
21.11.2021 11:18:12.229 INFO   t.game.Game - game started
21.11.2021 11:18:31.120 ERROR  t.game.Game - unknown command
21.11.2021 11:19:11.338 INFO   t.game.Game - demonstration started
21.11.2021 11:19:43.887 INFO   t.game.Game - game started
21.11.2021 11:20:25.599 ERROR  t.game.Game - unknown command
21.11.2021 11:20:55.802 ERROR  t.game.Game - unknown command
21.11.2021 11:28:42.331 INFO   t.game.Game - game started
21.11.2021 11:28:48.302 ERROR  t.game.Game - unknown command
21.11.2021 11:29:12.018 INFO   t.game.Game - game started
21.11.2021 11:29:19.814 ERROR  t.game.Game - unknown command
21.11.2021 11:33:01.498 INFO   t.game.Game - demonstration started
21.11.2021 11:34:02.705 INFO   t.game.Game - game started
21.11.2021 11:35:20.076 INFO   t.game.Game - game started
21.11.2021 12:10:18.441 INFO   t.game.Game - game started
21.11.2021 12:11:23.056 INFO   t.game.Game - game started
21.11.2021 12:11:28.499 ERROR  t.game.Game - unknown command
21.11.2021 15:47:25.689 INFO   t.game.Game - game started
21.11.2021 15:48:34.174 INFO   t.game.Game - demonstration started
21.11.2021 15:48:56.790 INFO   t.game.Game - game started
